<?xml version="1.0" encoding="UTF-8"?>
<robot generator="Robot 6.0.1 (Python 3.8.10 on linux)" generated="20230112 15:42:51.656" rpa="false" schemaversion="3">
<suite id="s1" name="Character" source="/home/adrian/TestMetaCharacter/test/character.robot">
<test id="s1-t1" name="Test $test" line="11">
<kw name="testing dollar test" library="myKeywords">
<kw name="logto" library="myKeywords">
<arg>dollar test</arg>
<kw name="Log To Console" library="BuiltIn">
<arg>i am alive ${arg}</arg>
<doc>Logs the given message to the console.</doc>
<status status="PASS" starttime="20230112 15:42:51.674" endtime="20230112 15:42:51.675"/>
</kw>
<status status="PASS" starttime="20230112 15:42:51.674" endtime="20230112 15:42:51.675"/>
</kw>
<status status="PASS" starttime="20230112 15:42:51.674" endtime="20230112 15:42:51.675"/>
</kw>
<status status="PASS" starttime="20230112 15:42:51.673" endtime="20230112 15:42:51.675"/>
</test>
<status status="PASS" starttime="20230112 15:42:51.657" endtime="20230112 15:42:51.675"/>
</suite>
<statistics>
<total>
<stat pass="1" fail="0" skip="0">All Tests</stat>
</total>
<tag>
</tag>
<suite>
<stat pass="1" fail="0" skip="0" id="s1" name="Character">Character</stat>
</suite>
</statistics>
<errors>
</errors>
</robot>
